
  ___  ____  ____  ____  ____ (R)
 /__    /   ____/   /   ____/
___/   /   /___/   /   /___/   14.2   Copyright 1985-2015 StataCorp LP
  Statistics/Data Analysis            StataCorp
                                      4905 Lakeway Drive
     Special Edition                  College Station, Texas 77845 USA
                                      800-STATA-PC        http://www.stata.com
                                      979-696-4600        stata@stata.com
                                      979-696-4601 (fax)

Single-user Stata perpetual license:
       Serial number:  401406341571
         Licensed to:  Adelson Caetano
                       MUVA

Notes:
      1.  Stata is running in batch mode.
      2.  Unicode is supported; see help unicode_advice.
      3.  Maximum number of variables is set to 5000; see help set_maxvar.

. do "C:/Users/MUVA/OneDrive - ASSOCIAÇÃO PARA O EMPODERAMENTO DA RAPARIGA-MUVA
> /Linkadosssss 2023/PROJECTOS/SISTEMA DE MONITORIA/KunfugulaAPP/CleanDo.do" 

. clear all 
command clear is unrecognized
r(199);

end of do-file
r(199);
